Compiling the CXX compiler identification source file "CMakeCXXCompilerId.cpp" failed.
Compiler: /opt/msp430-gcc/bin/msp430-elf-c++ 
Build flags: 
Id flags:  

The output was:
1
/opt/msp430-gcc/bin/../lib/gcc/msp430-elf/7.3.2/../../../../msp430-elf/bin/ld: cannot find -lstdc++
collect2: error: ld returned 1 exit status


Detecting CXX compiler ABI info failed to compile with the following output:
Change Dir: /Users/jiezhan/work/tiworkspace/opta/build/CMakeFiles/CMakeTmp

Run Build Command(s):/usr/bin/make cmTC_124af/fast && /Applications/Xcode.app/Contents/Developer/usr/bin/make  -f CMakeFiles/cmTC_124af.dir/build.make CMakeFiles/cmTC_124af.dir/build
Building CXX object CMakeFiles/cmTC_124af.dir/CMakeCXXCompilerABI.cpp.obj
/opt/msp430-gcc/bin/msp430-elf-c++    -g   -v -o CMakeFiles/cmTC_124af.dir/CMakeCXXCompilerABI.cpp.obj -c /usr/local/Cellar/cmake/3.17.3/share/cmake/Modules/CMakeCXXCompilerABI.cpp
Using built-in specs.
COLLECT_GCC=/opt/msp430-gcc/bin/msp430-elf-c++
Target: msp430-elf
Configured with: ../../gcc/configure --target=msp430-elf --enable-languages=c,c++ --disable-nls --enable-target-optspace --enable-newlib-nano-formatted-io --with-pkgversion='Mitto Systems Limited - msp430-gcc 7.3.2.154'
Thread model: single
gcc version 7.3.2 (Mitto Systems Limited - msp430-gcc 7.3.2.154) 
COLLECT_GCC_OPTIONS='-g' '-v' '-o' 'CMakeFiles/cmTC_124af.dir/CMakeCXXCompilerABI.cpp.obj' '-c'
 /opt/msp430-gcc/bin/../libexec/gcc/msp430-elf/7.3.2/cc1plus -quiet -v -iprefix /opt/msp430-gcc/bin/../lib/gcc/msp430-elf/7.3.2/ /usr/local/Cellar/cmake/3.17.3/share/cmake/Modules/CMakeCXXCompilerABI.cpp -quiet -dumpbase CMakeCXXCompilerABI.cpp -auxbase-strip CMakeFiles/cmTC_124af.dir/CMakeCXXCompilerABI.cpp.obj -g -version -o /var/folders/sf/qjfm3b2j5yd2cr28p262b2mc0000gn/T//cc6PfXnh.s
GNU C++14 (Mitto Systems Limited - msp430-gcc 7.3.2.154) version 7.3.2 (msp430-elf)
	compiled by GNU C version 4.2.1 Compatible Apple LLVM 9.0.0 (clang-900.0.39.2), GMP version 6.1.0, MPFR version 3.1.4, MPC version 1.0.3, isl version isl-0.16.1-GMP

GGC heuristics: --param ggc-min-expand=100 --param ggc-min-heapsize=131072
ignoring nonexistent directory "/opt/msp430-gcc/bin/../lib/gcc/msp430-elf/7.3.2/../../../../msp430-elf/sys-include"
ignoring duplicate directory "/opt/msp430-gcc/bin/../lib/gcc/../../lib/gcc/msp430-elf/7.3.2/../../../../msp430-elf/include/c++/7.3.2"
ignoring duplicate directory "/opt/msp430-gcc/bin/../lib/gcc/../../lib/gcc/msp430-elf/7.3.2/../../../../msp430-elf/include/c++/7.3.2/msp430-elf"
ignoring duplicate directory "/opt/msp430-gcc/bin/../lib/gcc/../../lib/gcc/msp430-elf/7.3.2/../../../../msp430-elf/include/c++/7.3.2/backward"
ignoring duplicate directory "/opt/msp430-gcc/bin/../lib/gcc/../../lib/gcc/msp430-elf/7.3.2/include"
ignoring duplicate directory "/opt/msp430-gcc/bin/../lib/gcc/../../lib/gcc/msp430-elf/7.3.2/include-fixed"
ignoring nonexistent directory "/opt/msp430-gcc/bin/../lib/gcc/../../lib/gcc/msp430-elf/7.3.2/../../../../msp430-elf/sys-include"
ignoring duplicate directory "/opt/msp430-gcc/bin/../lib/gcc/../../lib/gcc/msp430-elf/7.3.2/../../../../msp430-elf/include"
#include "..." search starts here:
#include <...> search starts here:
 /opt/msp430-gcc/bin/../lib/gcc/msp430-elf/7.3.2/../../../../msp430-elf/include/c++/7.3.2
 /opt/msp430-gcc/bin/../lib/gcc/msp430-elf/7.3.2/../../../../msp430-elf/include/c++/7.3.2/msp430-elf
 /opt/msp430-gcc/bin/../lib/gcc/msp430-elf/7.3.2/../../../../msp430-elf/include/c++/7.3.2/backward
 /opt/msp430-gcc/bin/../lib/gcc/msp430-elf/7.3.2/include
 /opt/msp430-gcc/bin/../lib/gcc/msp430-elf/7.3.2/include-fixed
 /opt/msp430-gcc/bin/../lib/gcc/msp430-elf/7.3.2/../../../../msp430-elf/include
End of search list.
GNU C++14 (Mitto Systems Limited - msp430-gcc 7.3.2.154) version 7.3.2 (msp430-elf)
	compiled by GNU C version 4.2.1 Compatible Apple LLVM 9.0.0 (clang-900.0.39.2), GMP version 6.1.0, MPFR version 3.1.4, MPC version 1.0.3, isl version isl-0.16.1-GMP

GGC heuristics: --param ggc-min-expand=100 --param ggc-min-heapsize=131072
Compiler executable checksum: 1bf858c6f6c1aae9fe56f0a6b2561c24
COLLECT_GCC_OPTIONS='-g' '-v' '-o' 'CMakeFiles/cmTC_124af.dir/CMakeCXXCompilerABI.cpp.obj' '-c'
 /opt/msp430-gcc/bin/../lib/gcc/msp430-elf/7.3.2/../../../../msp430-elf/bin/as --traditional-format -mP -md -o CMakeFiles/cmTC_124af.dir/CMakeCXXCompilerABI.cpp.obj /var/folders/sf/qjfm3b2j5yd2cr28p262b2mc0000gn/T//cc6PfXnh.s
COMPILER_PATH=/opt/msp430-gcc/bin/../libexec/gcc/msp430-elf/7.3.2/:/opt/msp430-gcc/bin/../libexec/gcc/:/opt/msp430-gcc/bin/../lib/gcc/msp430-elf/7.3.2/../../../../msp430-elf/bin/
LIBRARY_PATH=/opt/msp430-gcc/bin/../lib/gcc/msp430-elf/7.3.2/:/opt/msp430-gcc/bin/../lib/gcc/:/opt/msp430-gcc/bin/../lib/gcc/msp430-elf/7.3.2/../../../../msp430-elf/lib/
COLLECT_GCC_OPTIONS='-g' '-v' '-o' 'CMakeFiles/cmTC_124af.dir/CMakeCXXCompilerABI.cpp.obj' '-c'
Linking CXX executable cmTC_124af
/usr/local/Cellar/cmake/3.17.3/bin/cmake -E cmake_link_script CMakeFiles/cmTC_124af.dir/link.txt --verbose=1
/opt/msp430-gcc/bin/msp430-elf-c++    -g   -v CMakeFiles/cmTC_124af.dir/CMakeCXXCompilerABI.cpp.obj  -o cmTC_124af 
Using built-in specs.
COLLECT_GCC=/opt/msp430-gcc/bin/msp430-elf-c++
COLLECT_LTO_WRAPPER=/opt/msp430-gcc/bin/../libexec/gcc/msp430-elf/7.3.2/lto-wrapper
Target: msp430-elf
Configured with: ../../gcc/configure --target=msp430-elf --enable-languages=c,c++ --disable-nls --enable-target-optspace --enable-newlib-nano-formatted-io --with-pkgversion='Mitto Systems Limited - msp430-gcc 7.3.2.154'
Thread model: single
gcc version 7.3.2 (Mitto Systems Limited - msp430-gcc 7.3.2.154) 
COMPILER_PATH=/opt/msp430-gcc/bin/../libexec/gcc/msp430-elf/7.3.2/:/opt/msp430-gcc/bin/../libexec/gcc/:/opt/msp430-gcc/bin/../lib/gcc/msp430-elf/7.3.2/../../../../msp430-elf/bin/
LIBRARY_PATH=/opt/msp430-gcc/bin/../lib/gcc/msp430-elf/7.3.2/:/opt/msp430-gcc/bin/../lib/gcc/:/opt/msp430-gcc/bin/../lib/gcc/msp430-elf/7.3.2/../../../../msp430-elf/lib/
COLLECT_GCC_OPTIONS='-g' '-v' '-o' 'cmTC_124af'
 /opt/msp430-gcc/bin/../libexec/gcc/msp430-elf/7.3.2/collect2 -plugin /opt/msp430-gcc/bin/../libexec/gcc/msp430-elf/7.3.2/liblto_plugin.so -plugin-opt=/opt/msp430-gcc/bin/../libexec/gcc/msp430-elf/7.3.2/lto-wrapper -plugin-opt=-fresolution=/var/folders/sf/qjfm3b2j5yd2cr28p262b2mc0000gn/T//ccYa7kaE.res -plugin-opt=-pass-through=-lgcc -plugin-opt=-pass-through=-lmul_none -plugin-opt=-pass-through=-lc -plugin-opt=-pass-through=-lgcc -plugin-opt=-pass-through=-lcrt -plugin-opt=-pass-through=-lnosys -plugin-opt=-pass-through=-lgcc -o cmTC_124af /opt/msp430-gcc/bin/../lib/gcc/msp430-elf/7.3.2/../../../../msp430-elf/lib/crt0.o /opt/msp430-gcc/bin/../lib/gcc/msp430-elf/7.3.2/crtbegin.o -L/opt/msp430-gcc/bin/../lib/gcc/msp430-elf/7.3.2 -L/opt/msp430-gcc/bin/../lib/gcc -L/opt/msp430-gcc/bin/../lib/gcc/msp430-elf/7.3.2/../../../../msp430-elf/lib CMakeFiles/cmTC_124af.dir/CMakeCXXCompilerABI.cpp.obj -lstdc++ -lm -lgcc --start-group -lmul_none -lc -lgcc -lcrt -lnosys --end-group -lgcc /opt/msp430-gcc/bin/../lib/gcc/msp430-elf/7.3.2/crtend.o /opt/msp430-gcc/bin/../lib/gcc/msp430-elf/7.3.2/../../../../msp430-elf/lib/crtn.o -lgcc
/opt/msp430-gcc/bin/../lib/gcc/msp430-elf/7.3.2/../../../../msp430-elf/bin/ld: cannot find -lstdc++
collect2: error: ld returned 1 exit status
make[1]: *** [cmTC_124af] Error 1
make: *** [cmTC_124af/fast] Error 2




