The target system is: Generic -  - 
The host system is: Darwin - 19.6.0 - x86_64
Compiling the C compiler identification source file "CMakeCCompilerId.c" succeeded.
Compiler: /opt/msp430-gcc/bin/msp430-elf-gcc 
Build flags: 
Id flags:  

The output was:
0


Compilation of the C compiler identification source "CMakeCCompilerId.c" produced "a.out"

The C compiler identification is GNU, found in "/Users/jiezhan/work/tiworkspace/opta/build/CMakeFiles/3.17.3/CompilerIdC/a.out"

Compiling the CXX compiler identification source file "CMakeCXXCompilerId.cpp" succeeded.
Compiler: /opt/msp430-gcc/bin/msp430-elf-c++ 
Build flags: 
Id flags: -c 

The output was:
0


Compilation of the CXX compiler identification source "CMakeCXXCompilerId.cpp" produced "CMakeCXXCompilerId.o"

The CXX compiler identification is GNU, found in "/Users/jiezhan/work/tiworkspace/opta/build/CMakeFiles/3.17.3/CompilerIdCXX/CMakeCXXCompilerId.o"

Detecting C compiler ABI info compiled with the following output:
Change Dir: /Users/jiezhan/work/tiworkspace/opta/build/CMakeFiles/CMakeTmp

Run Build Command(s):/usr/bin/make cmTC_3472c/fast && /Applications/Xcode.app/Contents/Developer/usr/bin/make  -f CMakeFiles/cmTC_3472c.dir/build.make CMakeFiles/cmTC_3472c.dir/build
Building C object CMakeFiles/cmTC_3472c.dir/CMakeCCompilerABI.c.obj
/opt/msp430-gcc/bin/msp430-elf-gcc   -g   -v -o CMakeFiles/cmTC_3472c.dir/CMakeCCompilerABI.c.obj   -c /usr/local/Cellar/cmake/3.17.3/share/cmake/Modules/CMakeCCompilerABI.c
Using built-in specs.
COLLECT_GCC=/opt/msp430-gcc/bin/msp430-elf-gcc
Target: msp430-elf
Configured with: ../../gcc/configure --target=msp430-elf --enable-languages=c,c++ --disable-nls --enable-target-optspace --enable-newlib-nano-formatted-io --with-pkgversion='Mitto Systems Limited - msp430-gcc 7.3.2.154'
Thread model: single
gcc version 7.3.2 (Mitto Systems Limited - msp430-gcc 7.3.2.154) 
COLLECT_GCC_OPTIONS='-g' '-v' '-o' 'CMakeFiles/cmTC_3472c.dir/CMakeCCompilerABI.c.obj' '-c'
 /opt/msp430-gcc/bin/../libexec/gcc/msp430-elf/7.3.2/cc1 -quiet -v -iprefix /opt/msp430-gcc/bin/../lib/gcc/msp430-elf/7.3.2/ /usr/local/Cellar/cmake/3.17.3/share/cmake/Modules/CMakeCCompilerABI.c -quiet -dumpbase CMakeCCompilerABI.c -auxbase-strip CMakeFiles/cmTC_3472c.dir/CMakeCCompilerABI.c.obj -g -version -o /var/folders/sf/qjfm3b2j5yd2cr28p262b2mc0000gn/T//ccHF8TQx.s
GNU C11 (Mitto Systems Limited - msp430-gcc 7.3.2.154) version 7.3.2 (msp430-elf)
	compiled by GNU C version 4.2.1 Compatible Apple LLVM 9.0.0 (clang-900.0.39.2), GMP version 6.1.0, MPFR version 3.1.4, MPC version 1.0.3, isl version isl-0.16.1-GMP

GGC heuristics: --param ggc-min-expand=100 --param ggc-min-heapsize=131072
ignoring nonexistent directory "/opt/msp430-gcc/bin/../lib/gcc/msp430-elf/7.3.2/../../../../msp430-elf/sys-include"
ignoring duplicate directory "/opt/msp430-gcc/bin/../lib/gcc/../../lib/gcc/msp430-elf/7.3.2/include"
ignoring duplicate directory "/opt/msp430-gcc/bin/../lib/gcc/../../lib/gcc/msp430-elf/7.3.2/include-fixed"
ignoring nonexistent directory "/opt/msp430-gcc/bin/../lib/gcc/../../lib/gcc/msp430-elf/7.3.2/../../../../msp430-elf/sys-include"
ignoring duplicate directory "/opt/msp430-gcc/bin/../lib/gcc/../../lib/gcc/msp430-elf/7.3.2/../../../../msp430-elf/include"
#include "..." search starts here:
#include <...> search starts here:
 /opt/msp430-gcc/bin/../lib/gcc/msp430-elf/7.3.2/include
 /opt/msp430-gcc/bin/../lib/gcc/msp430-elf/7.3.2/include-fixed
 /opt/msp430-gcc/bin/../lib/gcc/msp430-elf/7.3.2/../../../../msp430-elf/include
End of search list.
GNU C11 (Mitto Systems Limited - msp430-gcc 7.3.2.154) version 7.3.2 (msp430-elf)
	compiled by GNU C version 4.2.1 Compatible Apple LLVM 9.0.0 (clang-900.0.39.2), GMP version 6.1.0, MPFR version 3.1.4, MPC version 1.0.3, isl version isl-0.16.1-GMP

GGC heuristics: --param ggc-min-expand=100 --param ggc-min-heapsize=131072
Compiler executable checksum: 6c2a4103b28448ea3eb80afcccce9f62
COLLECT_GCC_OPTIONS='-g' '-v' '-o' 'CMakeFiles/cmTC_3472c.dir/CMakeCCompilerABI.c.obj' '-c'
 /opt/msp430-gcc/bin/../lib/gcc/msp430-elf/7.3.2/../../../../msp430-elf/bin/as --traditional-format -mP -md -o CMakeFiles/cmTC_3472c.dir/CMakeCCompilerABI.c.obj /var/folders/sf/qjfm3b2j5yd2cr28p262b2mc0000gn/T//ccHF8TQx.s
COMPILER_PATH=/opt/msp430-gcc/bin/../libexec/gcc/msp430-elf/7.3.2/:/opt/msp430-gcc/bin/../libexec/gcc/:/opt/msp430-gcc/bin/../lib/gcc/msp430-elf/7.3.2/../../../../msp430-elf/bin/
LIBRARY_PATH=/opt/msp430-gcc/bin/../lib/gcc/msp430-elf/7.3.2/:/opt/msp430-gcc/bin/../lib/gcc/:/opt/msp430-gcc/bin/../lib/gcc/msp430-elf/7.3.2/../../../../msp430-elf/lib/
COLLECT_GCC_OPTIONS='-g' '-v' '-o' 'CMakeFiles/cmTC_3472c.dir/CMakeCCompilerABI.c.obj' '-c'
Linking C executable cmTC_3472c
/usr/local/Cellar/cmake/3.17.3/bin/cmake -E cmake_link_script CMakeFiles/cmTC_3472c.dir/link.txt --verbose=1
/opt/msp430-gcc/bin/msp430-elf-gcc   -g   -v CMakeFiles/cmTC_3472c.dir/CMakeCCompilerABI.c.obj  -o cmTC_3472c 
Using built-in specs.
COLLECT_GCC=/opt/msp430-gcc/bin/msp430-elf-gcc
COLLECT_LTO_WRAPPER=/opt/msp430-gcc/bin/../libexec/gcc/msp430-elf/7.3.2/lto-wrapper
Target: msp430-elf
Configured with: ../../gcc/configure --target=msp430-elf --enable-languages=c,c++ --disable-nls --enable-target-optspace --enable-newlib-nano-formatted-io --with-pkgversion='Mitto Systems Limited - msp430-gcc 7.3.2.154'
Thread model: single
gcc version 7.3.2 (Mitto Systems Limited - msp430-gcc 7.3.2.154) 
COMPILER_PATH=/opt/msp430-gcc/bin/../libexec/gcc/msp430-elf/7.3.2/:/opt/msp430-gcc/bin/../libexec/gcc/:/opt/msp430-gcc/bin/../lib/gcc/msp430-elf/7.3.2/../../../../msp430-elf/bin/
LIBRARY_PATH=/opt/msp430-gcc/bin/../lib/gcc/msp430-elf/7.3.2/:/opt/msp430-gcc/bin/../lib/gcc/:/opt/msp430-gcc/bin/../lib/gcc/msp430-elf/7.3.2/../../../../msp430-elf/lib/
COLLECT_GCC_OPTIONS='-g' '-v' '-o' 'cmTC_3472c'
 /opt/msp430-gcc/bin/../libexec/gcc/msp430-elf/7.3.2/collect2 -plugin /opt/msp430-gcc/bin/../libexec/gcc/msp430-elf/7.3.2/liblto_plugin.so -plugin-opt=/opt/msp430-gcc/bin/../libexec/gcc/msp430-elf/7.3.2/lto-wrapper -plugin-opt=-fresolution=/var/folders/sf/qjfm3b2j5yd2cr28p262b2mc0000gn/T//ccZaz2xV.res -plugin-opt=-pass-through=-lgcc -plugin-opt=-pass-through=-lmul_none -plugin-opt=-pass-through=-lc -plugin-opt=-pass-through=-lgcc -plugin-opt=-pass-through=-lcrt -plugin-opt=-pass-through=-lnosys -plugin-opt=-pass-through=-lgcc -o cmTC_3472c /opt/msp430-gcc/bin/../lib/gcc/msp430-elf/7.3.2/../../../../msp430-elf/lib/crt0.o /opt/msp430-gcc/bin/../lib/gcc/msp430-elf/7.3.2/crtbegin.o -L/opt/msp430-gcc/bin/../lib/gcc/msp430-elf/7.3.2 -L/opt/msp430-gcc/bin/../lib/gcc -L/opt/msp430-gcc/bin/../lib/gcc/msp430-elf/7.3.2/../../../../msp430-elf/lib CMakeFiles/cmTC_3472c.dir/CMakeCCompilerABI.c.obj -lgcc --start-group -lmul_none -lc -lgcc -lcrt -lnosys --end-group -lgcc /opt/msp430-gcc/bin/../lib/gcc/msp430-elf/7.3.2/crtend.o /opt/msp430-gcc/bin/../lib/gcc/msp430-elf/7.3.2/../../../../msp430-elf/lib/crtn.o -lgcc
COLLECT_GCC_OPTIONS='-g' '-v' '-o' 'cmTC_3472c'



Parsed C implicit include dir info from above output: rv=done
  found start of include info
  found start of implicit include info
    add: [/opt/msp430-gcc/bin/../lib/gcc/msp430-elf/7.3.2/include]
    add: [/opt/msp430-gcc/bin/../lib/gcc/msp430-elf/7.3.2/include-fixed]
    add: [/opt/msp430-gcc/bin/../lib/gcc/msp430-elf/7.3.2/../../../../msp430-elf/include]
  end of search list found
  collapse include dir [/opt/msp430-gcc/bin/../lib/gcc/msp430-elf/7.3.2/include] ==> [/opt/msp430-gcc/lib/gcc/msp430-elf/7.3.2/include]
  collapse include dir [/opt/msp430-gcc/bin/../lib/gcc/msp430-elf/7.3.2/include-fixed] ==> [/opt/msp430-gcc/lib/gcc/msp430-elf/7.3.2/include-fixed]
  collapse include dir [/opt/msp430-gcc/bin/../lib/gcc/msp430-elf/7.3.2/../../../../msp430-elf/include] ==> [/opt/msp430-gcc/msp430-elf/include]
  implicit include dirs: [/opt/msp430-gcc/lib/gcc/msp430-elf/7.3.2/include;/opt/msp430-gcc/lib/gcc/msp430-elf/7.3.2/include-fixed;/opt/msp430-gcc/msp430-elf/include]


Parsed C implicit link information from above output:
  link line regex: [^( *|.*[/\])(msp430-elf-ld|CMAKE_LINK_STARTFILE-NOTFOUND|([^/\]+-)?ld|collect2)[^/\]*( |$)]
  ignore line: [Change Dir: /Users/jiezhan/work/tiworkspace/opta/build/CMakeFiles/CMakeTmp]
  ignore line: []
  ignore line: [Run Build Command(s):/usr/bin/make cmTC_3472c/fast && /Applications/Xcode.app/Contents/Developer/usr/bin/make  -f CMakeFiles/cmTC_3472c.dir/build.make CMakeFiles/cmTC_3472c.dir/build]
  ignore line: [Building C object CMakeFiles/cmTC_3472c.dir/CMakeCCompilerABI.c.obj]
  ignore line: [/opt/msp430-gcc/bin/msp430-elf-gcc   -g   -v -o CMakeFiles/cmTC_3472c.dir/CMakeCCompilerABI.c.obj   -c /usr/local/Cellar/cmake/3.17.3/share/cmake/Modules/CMakeCCompilerABI.c]
  ignore line: [Using built-in specs.]
  ignore line: [COLLECT_GCC=/opt/msp430-gcc/bin/msp430-elf-gcc]
  ignore line: [Target: msp430-elf]
  ignore line: [Configured with: ../../gcc/configure --target=msp430-elf --enable-languages=c c++ --disable-nls --enable-target-optspace --enable-newlib-nano-formatted-io --with-pkgversion='Mitto Systems Limited - msp430-gcc 7.3.2.154']
  ignore line: [Thread model: single]
  ignore line: [gcc version 7.3.2 (Mitto Systems Limited - msp430-gcc 7.3.2.154) ]
  ignore line: [COLLECT_GCC_OPTIONS='-g' '-v' '-o' 'CMakeFiles/cmTC_3472c.dir/CMakeCCompilerABI.c.obj' '-c']
  ignore line: [ /opt/msp430-gcc/bin/../libexec/gcc/msp430-elf/7.3.2/cc1 -quiet -v -iprefix /opt/msp430-gcc/bin/../lib/gcc/msp430-elf/7.3.2/ /usr/local/Cellar/cmake/3.17.3/share/cmake/Modules/CMakeCCompilerABI.c -quiet -dumpbase CMakeCCompilerABI.c -auxbase-strip CMakeFiles/cmTC_3472c.dir/CMakeCCompilerABI.c.obj -g -version -o /var/folders/sf/qjfm3b2j5yd2cr28p262b2mc0000gn/T//ccHF8TQx.s]
  ignore line: [GNU C11 (Mitto Systems Limited - msp430-gcc 7.3.2.154) version 7.3.2 (msp430-elf)]
  ignore line: [	compiled by GNU C version 4.2.1 Compatible Apple LLVM 9.0.0 (clang-900.0.39.2)  GMP version 6.1.0  MPFR version 3.1.4  MPC version 1.0.3  isl version isl-0.16.1-GMP]
  ignore line: []
  ignore line: [GGC heuristics: --param ggc-min-expand=100 --param ggc-min-heapsize=131072]
  ignore line: [ignoring nonexistent directory "/opt/msp430-gcc/bin/../lib/gcc/msp430-elf/7.3.2/../../../../msp430-elf/sys-include"]
  ignore line: [ignoring duplicate directory "/opt/msp430-gcc/bin/../lib/gcc/../../lib/gcc/msp430-elf/7.3.2/include"]
  ignore line: [ignoring duplicate directory "/opt/msp430-gcc/bin/../lib/gcc/../../lib/gcc/msp430-elf/7.3.2/include-fixed"]
  ignore line: [ignoring nonexistent directory "/opt/msp430-gcc/bin/../lib/gcc/../../lib/gcc/msp430-elf/7.3.2/../../../../msp430-elf/sys-include"]
  ignore line: [ignoring duplicate directory "/opt/msp430-gcc/bin/../lib/gcc/../../lib/gcc/msp430-elf/7.3.2/../../../../msp430-elf/include"]
  ignore line: [#include "..." search starts here:]
  ignore line: [#include <...> search starts here:]
  ignore line: [ /opt/msp430-gcc/bin/../lib/gcc/msp430-elf/7.3.2/include]
  ignore line: [ /opt/msp430-gcc/bin/../lib/gcc/msp430-elf/7.3.2/include-fixed]
  ignore line: [ /opt/msp430-gcc/bin/../lib/gcc/msp430-elf/7.3.2/../../../../msp430-elf/include]
  ignore line: [End of search list.]
  ignore line: [GNU C11 (Mitto Systems Limited - msp430-gcc 7.3.2.154) version 7.3.2 (msp430-elf)]
  ignore line: [	compiled by GNU C version 4.2.1 Compatible Apple LLVM 9.0.0 (clang-900.0.39.2)  GMP version 6.1.0  MPFR version 3.1.4  MPC version 1.0.3  isl version isl-0.16.1-GMP]
  ignore line: []
  ignore line: [GGC heuristics: --param ggc-min-expand=100 --param ggc-min-heapsize=131072]
  ignore line: [Compiler executable checksum: 6c2a4103b28448ea3eb80afcccce9f62]
  ignore line: [COLLECT_GCC_OPTIONS='-g' '-v' '-o' 'CMakeFiles/cmTC_3472c.dir/CMakeCCompilerABI.c.obj' '-c']
  ignore line: [ /opt/msp430-gcc/bin/../lib/gcc/msp430-elf/7.3.2/../../../../msp430-elf/bin/as --traditional-format -mP -md -o CMakeFiles/cmTC_3472c.dir/CMakeCCompilerABI.c.obj /var/folders/sf/qjfm3b2j5yd2cr28p262b2mc0000gn/T//ccHF8TQx.s]
  ignore line: [COMPILER_PATH=/opt/msp430-gcc/bin/../libexec/gcc/msp430-elf/7.3.2/:/opt/msp430-gcc/bin/../libexec/gcc/:/opt/msp430-gcc/bin/../lib/gcc/msp430-elf/7.3.2/../../../../msp430-elf/bin/]
  ignore line: [LIBRARY_PATH=/opt/msp430-gcc/bin/../lib/gcc/msp430-elf/7.3.2/:/opt/msp430-gcc/bin/../lib/gcc/:/opt/msp430-gcc/bin/../lib/gcc/msp430-elf/7.3.2/../../../../msp430-elf/lib/]
  ignore line: [COLLECT_GCC_OPTIONS='-g' '-v' '-o' 'CMakeFiles/cmTC_3472c.dir/CMakeCCompilerABI.c.obj' '-c']
  ignore line: [Linking C executable cmTC_3472c]
  ignore line: [/usr/local/Cellar/cmake/3.17.3/bin/cmake -E cmake_link_script CMakeFiles/cmTC_3472c.dir/link.txt --verbose=1]
  ignore line: [/opt/msp430-gcc/bin/msp430-elf-gcc   -g   -v CMakeFiles/cmTC_3472c.dir/CMakeCCompilerABI.c.obj  -o cmTC_3472c ]
  ignore line: [Using built-in specs.]
  ignore line: [COLLECT_GCC=/opt/msp430-gcc/bin/msp430-elf-gcc]
  ignore line: [COLLECT_LTO_WRAPPER=/opt/msp430-gcc/bin/../libexec/gcc/msp430-elf/7.3.2/lto-wrapper]
  ignore line: [Target: msp430-elf]
  ignore line: [Configured with: ../../gcc/configure --target=msp430-elf --enable-languages=c c++ --disable-nls --enable-target-optspace --enable-newlib-nano-formatted-io --with-pkgversion='Mitto Systems Limited - msp430-gcc 7.3.2.154']
  ignore line: [Thread model: single]
  ignore line: [gcc version 7.3.2 (Mitto Systems Limited - msp430-gcc 7.3.2.154) ]
  ignore line: [COMPILER_PATH=/opt/msp430-gcc/bin/../libexec/gcc/msp430-elf/7.3.2/:/opt/msp430-gcc/bin/../libexec/gcc/:/opt/msp430-gcc/bin/../lib/gcc/msp430-elf/7.3.2/../../../../msp430-elf/bin/]
  ignore line: [LIBRARY_PATH=/opt/msp430-gcc/bin/../lib/gcc/msp430-elf/7.3.2/:/opt/msp430-gcc/bin/../lib/gcc/:/opt/msp430-gcc/bin/../lib/gcc/msp430-elf/7.3.2/../../../../msp430-elf/lib/]
  ignore line: [COLLECT_GCC_OPTIONS='-g' '-v' '-o' 'cmTC_3472c']
  link line: [ /opt/msp430-gcc/bin/../libexec/gcc/msp430-elf/7.3.2/collect2 -plugin /opt/msp430-gcc/bin/../libexec/gcc/msp430-elf/7.3.2/liblto_plugin.so -plugin-opt=/opt/msp430-gcc/bin/../libexec/gcc/msp430-elf/7.3.2/lto-wrapper -plugin-opt=-fresolution=/var/folders/sf/qjfm3b2j5yd2cr28p262b2mc0000gn/T//ccZaz2xV.res -plugin-opt=-pass-through=-lgcc -plugin-opt=-pass-through=-lmul_none -plugin-opt=-pass-through=-lc -plugin-opt=-pass-through=-lgcc -plugin-opt=-pass-through=-lcrt -plugin-opt=-pass-through=-lnosys -plugin-opt=-pass-through=-lgcc -o cmTC_3472c /opt/msp430-gcc/bin/../lib/gcc/msp430-elf/7.3.2/../../../../msp430-elf/lib/crt0.o /opt/msp430-gcc/bin/../lib/gcc/msp430-elf/7.3.2/crtbegin.o -L/opt/msp430-gcc/bin/../lib/gcc/msp430-elf/7.3.2 -L/opt/msp430-gcc/bin/../lib/gcc -L/opt/msp430-gcc/bin/../lib/gcc/msp430-elf/7.3.2/../../../../msp430-elf/lib CMakeFiles/cmTC_3472c.dir/CMakeCCompilerABI.c.obj -lgcc --start-group -lmul_none -lc -lgcc -lcrt -lnosys --end-group -lgcc /opt/msp430-gcc/bin/../lib/gcc/msp430-elf/7.3.2/crtend.o /opt/msp430-gcc/bin/../lib/gcc/msp430-elf/7.3.2/../../../../msp430-elf/lib/crtn.o -lgcc]
    arg [/opt/msp430-gcc/bin/../libexec/gcc/msp430-elf/7.3.2/collect2] ==> ignore
    arg [-plugin] ==> ignore
    arg [/opt/msp430-gcc/bin/../libexec/gcc/msp430-elf/7.3.2/liblto_plugin.so] ==> ignore
    arg [-plugin-opt=/opt/msp430-gcc/bin/../libexec/gcc/msp430-elf/7.3.2/lto-wrapper] ==> ignore
    arg [-plugin-opt=-fresolution=/var/folders/sf/qjfm3b2j5yd2cr28p262b2mc0000gn/T//ccZaz2xV.res] ==> ignore
    arg [-plugin-opt=-pass-through=-lgcc] ==> ignore
    arg [-plugin-opt=-pass-through=-lmul_none] ==> ignore
    arg [-plugin-opt=-pass-through=-lc] ==> ignore
    arg [-plugin-opt=-pass-through=-lgcc] ==> ignore
    arg [-plugin-opt=-pass-through=-lcrt] ==> ignore
    arg [-plugin-opt=-pass-through=-lnosys] ==> ignore
    arg [-plugin-opt=-pass-through=-lgcc] ==> ignore
    arg [-o] ==> ignore
    arg [cmTC_3472c] ==> ignore
    arg [/opt/msp430-gcc/bin/../lib/gcc/msp430-elf/7.3.2/../../../../msp430-elf/lib/crt0.o] ==> ignore
    arg [/opt/msp430-gcc/bin/../lib/gcc/msp430-elf/7.3.2/crtbegin.o] ==> ignore
    arg [-L/opt/msp430-gcc/bin/../lib/gcc/msp430-elf/7.3.2] ==> dir [/opt/msp430-gcc/bin/../lib/gcc/msp430-elf/7.3.2]
    arg [-L/opt/msp430-gcc/bin/../lib/gcc] ==> dir [/opt/msp430-gcc/bin/../lib/gcc]
    arg [-L/opt/msp430-gcc/bin/../lib/gcc/msp430-elf/7.3.2/../../../../msp430-elf/lib] ==> dir [/opt/msp430-gcc/bin/../lib/gcc/msp430-elf/7.3.2/../../../../msp430-elf/lib]
    arg [CMakeFiles/cmTC_3472c.dir/CMakeCCompilerABI.c.obj] ==> ignore
    arg [-lgcc] ==> lib [gcc]
    arg [--start-group] ==> ignore
    arg [-lmul_none] ==> lib [mul_none]
    arg [-lc] ==> lib [c]
    arg [-lgcc] ==> lib [gcc]
    arg [-lcrt] ==> lib [crt]
    arg [-lnosys] ==> lib [nosys]
    arg [--end-group] ==> ignore
    arg [-lgcc] ==> lib [gcc]
    arg [/opt/msp430-gcc/bin/../lib/gcc/msp430-elf/7.3.2/crtend.o] ==> ignore
    arg [/opt/msp430-gcc/bin/../lib/gcc/msp430-elf/7.3.2/../../../../msp430-elf/lib/crtn.o] ==> ignore
    arg [-lgcc] ==> lib [gcc]
  collapse library dir [/opt/msp430-gcc/bin/../lib/gcc/msp430-elf/7.3.2] ==> [/opt/msp430-gcc/lib/gcc/msp430-elf/7.3.2]
  collapse library dir [/opt/msp430-gcc/bin/../lib/gcc] ==> [/opt/msp430-gcc/lib/gcc]
  collapse library dir [/opt/msp430-gcc/bin/../lib/gcc/msp430-elf/7.3.2/../../../../msp430-elf/lib] ==> [/opt/msp430-gcc/msp430-elf/lib]
  implicit libs: [gcc;mul_none;c;gcc;crt;nosys;gcc;gcc]
  implicit dirs: [/opt/msp430-gcc/lib/gcc/msp430-elf/7.3.2;/opt/msp430-gcc/lib/gcc;/opt/msp430-gcc/msp430-elf/lib]
  implicit fwks: []


Checking whether the ASM compiler is GNU using "--version" matched "(GNU assembler)|(GCC)|(Free Software Foundation)":
msp430-elf-gcc (Mitto Systems Limited - msp430-gcc 7.3.2.154) 7.3.2
Copyright (C) 2017 Free Software Foundation, Inc.
This is free software; see the source for copying conditions.  There is NO
warranty; not even for MERCHANTABILITY or FITNESS FOR A PARTICULAR PURPOSE.

